android/app/build/intermediates/manifest_merge_blame_file/debug/manifest-merger-blame-debug-report.txt
1<?xml version="1.0" encoding="utf-8"?>
2<manifest xmlns:android="http://schemas.android.com/apk/res/android"
3    package="com.lovestory"
4    android:versionCode="1"
5    android:versionName="1.0" >
6
7    <uses-sdk
8        android:minSdkVersion="23"
9        android:targetSdkVersion="34" />
10
11    <uses-permission android:name="android.permission.INTERNET" />
11-->src\main\AndroidManifest.xml:3:5-67
11-->src\main\AndroidManifest.xml:3:22-64
12    <uses-permission android:name="android.permission.WAKE_LOCK" />
12-->[:react-native-firebase_auth] AndroidManifest.xml:8:5-68
12-->[:react-native-firebase_auth] AndroidManifest.xml:8:22-65
13    <uses-permission android:name="android.permission.ACCESS_NETWORK_STATE" />
13-->[:react-native-firebase_auth] AndroidManifest.xml:9:5-79
13-->[:react-native-firebase_auth] AndroidManifest.xml:9:22-76
14    <!--
15    This manifest file is used only by Gradle to configure debug-only capabilities
16    for React Native Apps.
17    -->
18    <uses-permission android:name="android.permission.SYSTEM_ALERT_WINDOW" />
18-->[com.facebook.react:react-android:0.74.3] AndroidManifest.xml:16:5-78
18-->[com.facebook.react:react-android:0.74.3] AndroidManifest.xml:16:22-75
19    <uses-permission android:name="com.google.android.gms.permission.AD_ID" />
19-->[com.google.android.gms:play-services-measurement-api:22.0.2] AndroidManifest.xml:25:5-79
19-->[com.google.android.gms:play-services-measurement-api:22.0.2] AndroidManifest.xml:25:22-76
20    <uses-permission android:name="android.permission.ACCESS_ADSERVICES_ATTRIBUTION" />
20-->[com.google.android.gms:play-services-measurement-api:22.0.2] AndroidManifest.xml:26:5-88
20-->[com.google.android.gms:play-services-measurement-api:22.0.2] AndroidManifest.xml:26:22-85
21    <uses-permission android:name="android.permission.ACCESS_ADSERVICES_AD_ID" />
21-->[com.google.android.gms:play-services-measurement-api:22.0.2] AndroidManifest.xml:27:5-82
21-->[com.google.android.gms:play-services-measurement-api:22.0.2] AndroidManifest.xml:27:22-79
22    <uses-permission android:name="com.google.android.finsky.permission.BIND_GET_INSTALL_REFERRER_SERVICE" />
22-->[com.google.android.gms:play-services-measurement:22.0.2] AndroidManifest.xml:26:5-110
22-->[com.google.android.gms:play-services-measurement:22.0.2] AndroidManifest.xml:26:22-107
23    <uses-permission android:name="com.google.android.providers.gsf.permission.READ_GSERVICES" />
23-->[com.google.android.recaptcha:recaptcha:18.4.0] AndroidManifest.xml:9:5-98
23-->[com.google.android.recaptcha:recaptcha:18.4.0] AndroidManifest.xml:9:22-95
24
25    <permission
25-->[androidx.core:core:1.9.0] AndroidManifest.xml:22:5-24:47
26        android:name="com.lovestory.DYNAMIC_RECEIVER_NOT_EXPORTED_PERMISSION"
26-->[androidx.core:core:1.9.0] AndroidManifest.xml:23:9-81
27        android:protectionLevel="signature" />
27-->[androidx.core:core:1.9.0] AndroidManifest.xml:24:9-44
28
29    <uses-permission android:name="com.lovestory.DYNAMIC_RECEIVER_NOT_EXPORTED_PERMISSION" />
29-->[androidx.core:core:1.9.0] AndroidManifest.xml:26:5-97
29-->[androidx.core:core:1.9.0] AndroidManifest.xml:26:22-94
30
31    <application
31-->src\main\AndroidManifest.xml:5:5-24:19
32        android:name="com.lovestory.MainApplication"
32-->src\main\AndroidManifest.xml:6:7-38
33        android:allowBackup="false"
33-->src\main\AndroidManifest.xml:10:7-34
34        android:appComponentFactory="androidx.core.app.CoreComponentFactory"
34-->[androidx.core:core:1.9.0] AndroidManifest.xml:28:18-86
35        android:debuggable="true"
36        android:extractNativeLibs="false"
37        android:icon="@mipmap/ic_launcher"
37-->src\main\AndroidManifest.xml:8:7-41
38        android:label="@string/app_name"
38-->src\main\AndroidManifest.xml:7:7-39
39        android:roundIcon="@mipmap/ic_launcher_round"
39-->src\main\AndroidManifest.xml:9:7-52
40        android:theme="@style/AppTheme"
40-->src\main\AndroidManifest.xml:11:7-38
41        android:usesCleartextTraffic="true" >
41-->src\debug\AndroidManifest.xml:6:9-44
42        <activity
42-->src\main\AndroidManifest.xml:12:7-23:18
43            android:name="com.lovestory.MainActivity"
43-->src\main\AndroidManifest.xml:13:9-37
44            android:configChanges="keyboard|keyboardHidden|orientation|screenLayout|screenSize|smallestScreenSize|uiMode"
44-->src\main\AndroidManifest.xml:15:9-118
45            android:exported="true"
45-->src\main\AndroidManifest.xml:18:9-32
46            android:label="@string/app_name"
46-->src\main\AndroidManifest.xml:14:9-41
47            android:launchMode="singleTask"
47-->src\main\AndroidManifest.xml:16:9-40
48            android:windowSoftInputMode="adjustResize" >
48-->src\main\AndroidManifest.xml:17:9-51
49            <intent-filter>
49-->src\main\AndroidManifest.xml:19:9-22:25
50                <action android:name="android.intent.action.MAIN" />
50-->src\main\AndroidManifest.xml:20:13-65
50-->src\main\AndroidManifest.xml:20:21-62
51
52                <category android:name="android.intent.category.LAUNCHER" />
52-->src\main\AndroidManifest.xml:21:13-73
52-->src\main\AndroidManifest.xml:21:23-70
53            </intent-filter>
54        </activity>
55
56        <meta-data
56-->[:react-native-firebase_app] AndroidManifest.xml:9:9-11:36
57            android:name="app_data_collection_default_enabled"
57-->[:react-native-firebase_app] AndroidManifest.xml:10:13-63
58            android:value="true" />
58-->[:react-native-firebase_app] AndroidManifest.xml:11:13-33
59
60        <service
60-->[:react-native-firebase_app] AndroidManifest.xml:13:9-21:19
61            android:name="com.google.firebase.components.ComponentDiscoveryService"
61-->[:react-native-firebase_app] AndroidManifest.xml:14:13-84
62            android:directBootAware="true"
62-->[:react-native-firebase_app] AndroidManifest.xml:15:13-43
63            android:exported="false" >
63-->[:react-native-firebase_app] AndroidManifest.xml:16:13-37
64            <meta-data
64-->[:react-native-firebase_app] AndroidManifest.xml:18:13-20:85
65                android:name="com.google.firebase.components:io.invertase.firebase.app.ReactNativeFirebaseAppRegistrar"
65-->[:react-native-firebase_app] AndroidManifest.xml:19:17-120
66                android:value="com.google.firebase.components.ComponentRegistrar" />
66-->[:react-native-firebase_app] AndroidManifest.xml:20:17-82
67            <meta-data
67-->[com.google.firebase:firebase-firestore:25.0.0] AndroidManifest.xml:17:13-19:85
68                android:name="com.google.firebase.components:com.google.firebase.firestore.FirebaseFirestoreKtxRegistrar"
68-->[com.google.firebase:firebase-firestore:25.0.0] AndroidManifest.xml:18:17-122
69                android:value="com.google.firebase.components.ComponentRegistrar" />
69-->[com.google.firebase:firebase-firestore:25.0.0] AndroidManifest.xml:19:17-82
70            <meta-data
70-->[com.google.firebase:firebase-firestore:25.0.0] AndroidManifest.xml:20:13-22:85
71                android:name="com.google.firebase.components:com.google.firebase.firestore.FirestoreRegistrar"
71-->[com.google.firebase:firebase-firestore:25.0.0] AndroidManifest.xml:21:17-111
72                android:value="com.google.firebase.components.ComponentRegistrar" />
72-->[com.google.firebase:firebase-firestore:25.0.0] AndroidManifest.xml:22:17-82
73            <meta-data
73-->[com.google.firebase:firebase-auth:23.0.0] AndroidManifest.xml:69:13-71:85
74                android:name="com.google.firebase.components:com.google.firebase.auth.FirebaseAuthRegistrar"
74-->[com.google.firebase:firebase-auth:23.0.0] AndroidManifest.xml:70:17-109
75                android:value="com.google.firebase.components.ComponentRegistrar" />
75-->[com.google.firebase:firebase-auth:23.0.0] AndroidManifest.xml:71:17-82
76            <meta-data
76-->[com.google.android.gms:play-services-measurement-api:22.0.2] AndroidManifest.xml:37:13-39:85
77                android:name="com.google.firebase.components:com.google.firebase.analytics.connector.internal.AnalyticsConnectorRegistrar"
77-->[com.google.android.gms:play-services-measurement-api:22.0.2] AndroidManifest.xml:38:17-139
78                android:value="com.google.firebase.components.ComponentRegistrar" />
78-->[com.google.android.gms:play-services-measurement-api:22.0.2] AndroidManifest.xml:39:17-82
79            <meta-data
79-->[com.google.firebase:firebase-installations:18.0.0] AndroidManifest.xml:15:13-17:85
80                android:name="com.google.firebase.components:com.google.firebase.installations.FirebaseInstallationsKtxRegistrar"
80-->[com.google.firebase:firebase-installations:18.0.0] AndroidManifest.xml:16:17-130
81                android:value="com.google.firebase.components.ComponentRegistrar" />
81-->[com.google.firebase:firebase-installations:18.0.0] AndroidManifest.xml:17:17-82
82            <meta-data
82-->[com.google.firebase:firebase-installations:18.0.0] AndroidManifest.xml:18:13-20:85
83                android:name="com.google.firebase.components:com.google.firebase.installations.FirebaseInstallationsRegistrar"
83-->[com.google.firebase:firebase-installations:18.0.0] AndroidManifest.xml:19:17-127
84                android:value="com.google.firebase.components.ComponentRegistrar" />
84-->[com.google.firebase:firebase-installations:18.0.0] AndroidManifest.xml:20:17-82
85            <meta-data
85-->[com.google.firebase:firebase-common-ktx:21.0.0] AndroidManifest.xml:12:13-14:85
86                android:name="com.google.firebase.components:com.google.firebase.ktx.FirebaseCommonLegacyRegistrar"
86-->[com.google.firebase:firebase-common-ktx:21.0.0] AndroidManifest.xml:13:17-116
87                android:value="com.google.firebase.components.ComponentRegistrar" />
87-->[com.google.firebase:firebase-common-ktx:21.0.0] AndroidManifest.xml:14:17-82
88            <meta-data
88-->[com.google.firebase:firebase-common:21.0.0] AndroidManifest.xml:35:13-37:85
89                android:name="com.google.firebase.components:com.google.firebase.FirebaseCommonKtxRegistrar"
89-->[com.google.firebase:firebase-common:21.0.0] AndroidManifest.xml:36:17-109
90                android:value="com.google.firebase.components.ComponentRegistrar" />
90-->[com.google.firebase:firebase-common:21.0.0] AndroidManifest.xml:37:17-82
91        </service>
92
93        <provider
93-->[:react-native-firebase_app] AndroidManifest.xml:23:9-27:38
94            android:name="io.invertase.firebase.app.ReactNativeFirebaseAppInitProvider"
94-->[:react-native-firebase_app] AndroidManifest.xml:24:13-88
95            android:authorities="com.lovestory.reactnativefirebaseappinitprovider"
95-->[:react-native-firebase_app] AndroidManifest.xml:25:13-86
96            android:exported="false"
96-->[:react-native-firebase_app] AndroidManifest.xml:26:13-37
97            android:initOrder="99" />
97-->[:react-native-firebase_app] AndroidManifest.xml:27:13-35
98
99        <activity
99-->[com.facebook.react:react-android:0.74.3] AndroidManifest.xml:19:9-21:40
100            android:name="com.facebook.react.devsupport.DevSettingsActivity"
100-->[com.facebook.react:react-android:0.74.3] AndroidManifest.xml:20:13-77
101            android:exported="false" />
101-->[com.facebook.react:react-android:0.74.3] AndroidManifest.xml:21:13-37
102        <activity
102-->[com.google.firebase:firebase-auth:23.0.0] AndroidManifest.xml:29:9-46:20
103            android:name="com.google.firebase.auth.internal.GenericIdpActivity"
103-->[com.google.firebase:firebase-auth:23.0.0] AndroidManifest.xml:30:13-80
104            android:excludeFromRecents="true"
104-->[com.google.firebase:firebase-auth:23.0.0] AndroidManifest.xml:31:13-46
105            android:exported="true"
105-->[com.google.firebase:firebase-auth:23.0.0] AndroidManifest.xml:32:13-36
106            android:launchMode="singleTask"
106-->[com.google.firebase:firebase-auth:23.0.0] AndroidManifest.xml:33:13-44
107            android:theme="@android:style/Theme.Translucent.NoTitleBar" >
107-->[com.google.firebase:firebase-auth:23.0.0] AndroidManifest.xml:34:13-72
108            <intent-filter>
108-->[com.google.firebase:firebase-auth:23.0.0] AndroidManifest.xml:35:13-45:29
109                <action android:name="android.intent.action.VIEW" />
109-->[com.google.firebase:firebase-auth:23.0.0] AndroidManifest.xml:36:17-69
109-->[com.google.firebase:firebase-auth:23.0.0] AndroidManifest.xml:36:25-66
110
111                <category android:name="android.intent.category.DEFAULT" />
111-->[com.google.firebase:firebase-auth:23.0.0] AndroidManifest.xml:38:17-76
111-->[com.google.firebase:firebase-auth:23.0.0] AndroidManifest.xml:38:27-73
112                <category android:name="android.intent.category.BROWSABLE" />
112-->[com.google.firebase:firebase-auth:23.0.0] AndroidManifest.xml:39:17-78
112-->[com.google.firebase:firebase-auth:23.0.0] AndroidManifest.xml:39:27-75
113
114                <data
114-->[com.google.firebase:firebase-auth:23.0.0] AndroidManifest.xml:41:17-44:51
115                    android:host="firebase.auth"
115-->[com.google.firebase:firebase-auth:23.0.0] AndroidManifest.xml:42:21-49
116                    android:path="/"
116-->[com.google.firebase:firebase-auth:23.0.0] AndroidManifest.xml:43:21-37
117                    android:scheme="genericidp" />
117-->[com.google.firebase:firebase-auth:23.0.0] AndroidManifest.xml:44:21-48
118            </intent-filter>
119        </activity>
120        <activity
120-->[com.google.firebase:firebase-auth:23.0.0] AndroidManifest.xml:47:9-64:20
121            android:name="com.google.firebase.auth.internal.RecaptchaActivity"
121-->[com.google.firebase:firebase-auth:23.0.0] AndroidManifest.xml:48:13-79
122            android:excludeFromRecents="true"
122-->[com.google.firebase:firebase-auth:23.0.0] AndroidManifest.xml:49:13-46
123            android:exported="true"
123-->[com.google.firebase:firebase-auth:23.0.0] AndroidManifest.xml:50:13-36
124            android:launchMode="singleTask"
124-->[com.google.firebase:firebase-auth:23.0.0] AndroidManifest.xml:51:13-44
125            android:theme="@android:style/Theme.Translucent.NoTitleBar" >
125-->[com.google.firebase:firebase-auth:23.0.0] AndroidManifest.xml:52:13-72
126            <intent-filter>
126-->[com.google.firebase:firebase-auth:23.0.0] AndroidManifest.xml:53:13-63:29
127                <action android:name="android.intent.action.VIEW" />
127-->[com.google.firebase:firebase-auth:23.0.0] AndroidManifest.xml:36:17-69
127-->[com.google.firebase:firebase-auth:23.0.0] AndroidManifest.xml:36:25-66
128
129                <category android:name="android.intent.category.DEFAULT" />
129-->[com.google.firebase:firebase-auth:23.0.0] AndroidManifest.xml:38:17-76
129-->[com.google.firebase:firebase-auth:23.0.0] AndroidManifest.xml:38:27-73
130                <category android:name="android.intent.category.BROWSABLE" />
130-->[com.google.firebase:firebase-auth:23.0.0] AndroidManifest.xml:39:17-78
130-->[com.google.firebase:firebase-auth:23.0.0] AndroidManifest.xml:39:27-75
131
132                <data
132-->[com.google.firebase:firebase-auth:23.0.0] AndroidManifest.xml:41:17-44:51
133                    android:host="firebase.auth"
133-->[com.google.firebase:firebase-auth:23.0.0] AndroidManifest.xml:42:21-49
134                    android:path="/"
134-->[com.google.firebase:firebase-auth:23.0.0] AndroidManifest.xml:43:21-37
135                    android:scheme="recaptcha" />
135-->[com.google.firebase:firebase-auth:23.0.0] AndroidManifest.xml:44:21-48
136            </intent-filter>
137        </activity>
138
139        <property
139-->[com.google.android.gms:play-services-measurement-api:22.0.2] AndroidManifest.xml:30:9-32:61
140            android:name="android.adservices.AD_SERVICES_CONFIG"
140-->[com.google.android.gms:play-services-measurement-api:22.0.2] AndroidManifest.xml:31:13-65
141            android:resource="@xml/ga_ad_services_config" />
141-->[com.google.android.gms:play-services-measurement-api:22.0.2] AndroidManifest.xml:32:13-58
142
143        <provider
143-->[com.google.firebase:firebase-common:21.0.0] AndroidManifest.xml:23:9-28:39
144            android:name="com.google.firebase.provider.FirebaseInitProvider"
144-->[com.google.firebase:firebase-common:21.0.0] AndroidManifest.xml:24:13-77
145            android:authorities="com.lovestory.firebaseinitprovider"
145-->[com.google.firebase:firebase-common:21.0.0] AndroidManifest.xml:25:13-72
146            android:directBootAware="true"
146-->[com.google.firebase:firebase-common:21.0.0] AndroidManifest.xml:26:13-43
147            android:exported="false"
147-->[com.google.firebase:firebase-common:21.0.0] AndroidManifest.xml:27:13-37
148            android:initOrder="100" />
148-->[com.google.firebase:firebase-common:21.0.0] AndroidManifest.xml:28:13-36
149
150        <service
150-->[androidx.credentials:credentials-play-services-auth:1.2.0-rc01] AndroidManifest.xml:24:9-32:19
151            android:name="androidx.credentials.playservices.CredentialProviderMetadataHolder"
151-->[androidx.credentials:credentials-play-services-auth:1.2.0-rc01] AndroidManifest.xml:25:13-94
152            android:enabled="true"
152-->[androidx.credentials:credentials-play-services-auth:1.2.0-rc01] AndroidManifest.xml:26:13-35
153            android:exported="false" >
153-->[androidx.credentials:credentials-play-services-auth:1.2.0-rc01] AndroidManifest.xml:27:13-37
154            <meta-data
154-->[androidx.credentials:credentials-play-services-auth:1.2.0-rc01] AndroidManifest.xml:29:13-31:104
155                android:name="androidx.credentials.CREDENTIAL_PROVIDER_KEY"
155-->[androidx.credentials:credentials-play-services-auth:1.2.0-rc01] AndroidManifest.xml:30:17-76
156                android:value="androidx.credentials.playservices.CredentialProviderPlayServicesImpl" />
156-->[androidx.credentials:credentials-play-services-auth:1.2.0-rc01] AndroidManifest.xml:31:17-101
157        </service>
158
159        <activity
159-->[androidx.credentials:credentials-play-services-auth:1.2.0-rc01] AndroidManifest.xml:34:9-41:20
160            android:name="androidx.credentials.playservices.HiddenActivity"
160-->[androidx.credentials:credentials-play-services-auth:1.2.0-rc01] AndroidManifest.xml:35:13-76
161            android:configChanges="orientation|screenSize|screenLayout|keyboardHidden"
161-->[androidx.credentials:credentials-play-services-auth:1.2.0-rc01] AndroidManifest.xml:36:13-87
162            android:enabled="true"
162-->[androidx.credentials:credentials-play-services-auth:1.2.0-rc01] AndroidManifest.xml:37:13-35
163            android:exported="false"
163-->[androidx.credentials:credentials-play-services-auth:1.2.0-rc01] AndroidManifest.xml:38:13-37
164            android:fitsSystemWindows="true"
164-->[androidx.credentials:credentials-play-services-auth:1.2.0-rc01] AndroidManifest.xml:39:13-45
165            android:theme="@style/Theme.Hidden" >
165-->[androidx.credentials:credentials-play-services-auth:1.2.0-rc01] AndroidManifest.xml:40:13-48
166        </activity>
167        <activity
167-->[com.google.android.gms:play-services-auth:21.2.0] AndroidManifest.xml:23:9-27:75
168            android:name="com.google.android.gms.auth.api.signin.internal.SignInHubActivity"
168-->[com.google.android.gms:play-services-auth:21.2.0] AndroidManifest.xml:24:13-93
169            android:excludeFromRecents="true"
169-->[com.google.android.gms:play-services-auth:21.2.0] AndroidManifest.xml:25:13-46
170            android:exported="false"
170-->[com.google.android.gms:play-services-auth:21.2.0] AndroidManifest.xml:26:13-37
171            android:theme="@android:style/Theme.Translucent.NoTitleBar" />
171-->[com.google.android.gms:play-services-auth:21.2.0] AndroidManifest.xml:27:13-72
172        <!--
173            Service handling Google Sign-In user revocation. For apps that do not integrate with
174            Google Sign-In, this service will never be started.
175        -->
176        <service
176-->[com.google.android.gms:play-services-auth:21.2.0] AndroidManifest.xml:33:9-37:51
177            android:name="com.google.android.gms.auth.api.signin.RevocationBoundService"
177-->[com.google.android.gms:play-services-auth:21.2.0] AndroidManifest.xml:34:13-89
178            android:exported="true"
178-->[com.google.android.gms:play-services-auth:21.2.0] AndroidManifest.xml:35:13-36
179            android:permission="com.google.android.gms.auth.api.signin.permission.REVOCATION_NOTIFICATION"
179-->[com.google.android.gms:play-services-auth:21.2.0] AndroidManifest.xml:36:13-107
180            android:visibleToInstantApps="true" />
180-->[com.google.android.gms:play-services-auth:21.2.0] AndroidManifest.xml:37:13-48
181
182        <activity
182-->[com.google.android.gms:play-services-base:18.3.0] AndroidManifest.xml:20:9-22:45
183            android:name="com.google.android.gms.common.api.GoogleApiActivity"
183-->[com.google.android.gms:play-services-base:18.3.0] AndroidManifest.xml:20:19-85
184            android:exported="false"
184-->[com.google.android.gms:play-services-base:18.3.0] AndroidManifest.xml:22:19-43
185            android:theme="@android:style/Theme.Translucent.NoTitleBar" />
185-->[com.google.android.gms:play-services-base:18.3.0] AndroidManifest.xml:21:19-78
186
187        <receiver
187-->[com.google.android.gms:play-services-measurement:22.0.2] AndroidManifest.xml:29:9-33:20
188            android:name="com.google.android.gms.measurement.AppMeasurementReceiver"
188-->[com.google.android.gms:play-services-measurement:22.0.2] AndroidManifest.xml:30:13-85
189            android:enabled="true"
189-->[com.google.android.gms:play-services-measurement:22.0.2] AndroidManifest.xml:31:13-35
190            android:exported="false" >
190-->[com.google.android.gms:play-services-measurement:22.0.2] AndroidManifest.xml:32:13-37
191        </receiver>
192
193        <service
193-->[com.google.android.gms:play-services-measurement:22.0.2] AndroidManifest.xml:35:9-38:40
194            android:name="com.google.android.gms.measurement.AppMeasurementService"
194-->[com.google.android.gms:play-services-measurement:22.0.2] AndroidManifest.xml:36:13-84
195            android:enabled="true"
195-->[com.google.android.gms:play-services-measurement:22.0.2] AndroidManifest.xml:37:13-35
196            android:exported="false" />
196-->[com.google.android.gms:play-services-measurement:22.0.2] AndroidManifest.xml:38:13-37
197        <service
197-->[com.google.android.gms:play-services-measurement:22.0.2] AndroidManifest.xml:39:9-43:72
198            android:name="com.google.android.gms.measurement.AppMeasurementJobService"
198-->[com.google.android.gms:play-services-measurement:22.0.2] AndroidManifest.xml:40:13-87
199            android:enabled="true"
199-->[com.google.android.gms:play-services-measurement:22.0.2] AndroidManifest.xml:41:13-35
200            android:exported="false"
200-->[com.google.android.gms:play-services-measurement:22.0.2] AndroidManifest.xml:42:13-37
201            android:permission="android.permission.BIND_JOB_SERVICE" />
201-->[com.google.android.gms:play-services-measurement:22.0.2] AndroidManifest.xml:43:13-69
202
203        <uses-library
203-->[androidx.privacysandbox.ads:ads-adservices:1.0.0-beta05] AndroidManifest.xml:23:9-25:40
204            android:name="android.ext.adservices"
204-->[androidx.privacysandbox.ads:ads-adservices:1.0.0-beta05] AndroidManifest.xml:24:13-50
205            android:required="false" />
205-->[androidx.privacysandbox.ads:ads-adservices:1.0.0-beta05] AndroidManifest.xml:25:13-37
206
207        <meta-data
207-->[com.google.android.gms:play-services-basement:18.4.0] AndroidManifest.xml:6:9-122
208            android:name="com.google.android.gms.version"
208-->[com.google.android.gms:play-services-basement:18.4.0] AndroidManifest.xml:6:20-65
209            android:value="@integer/google_play_services_version" />
209-->[com.google.android.gms:play-services-basement:18.4.0] AndroidManifest.xml:6:66-119
210
211        <provider
211-->[androidx.emoji2:emoji2:1.2.0] AndroidManifest.xml:24:9-32:20
212            android:name="androidx.startup.InitializationProvider"
212-->[androidx.emoji2:emoji2:1.2.0] AndroidManifest.xml:25:13-67
213            android:authorities="com.lovestory.androidx-startup"
213-->[androidx.emoji2:emoji2:1.2.0] AndroidManifest.xml:26:13-68
214            android:exported="false" >
214-->[androidx.emoji2:emoji2:1.2.0] AndroidManifest.xml:27:13-37
215            <meta-data
215-->[androidx.emoji2:emoji2:1.2.0] AndroidManifest.xml:29:13-31:52
216                android:name="androidx.emoji2.text.EmojiCompatInitializer"
216-->[androidx.emoji2:emoji2:1.2.0] AndroidManifest.xml:30:17-75
217                android:value="androidx.startup" />
217-->[androidx.emoji2:emoji2:1.2.0] AndroidManifest.xml:31:17-49
218            <meta-data
218-->[androidx.lifecycle:lifecycle-process:2.4.1] AndroidManifest.xml:31:13-33:52
219                android:name="androidx.lifecycle.ProcessLifecycleInitializer"
219-->[androidx.lifecycle:lifecycle-process:2.4.1] AndroidManifest.xml:32:17-78
220                android:value="androidx.startup" />
220-->[androidx.lifecycle:lifecycle-process:2.4.1] AndroidManifest.xml:33:17-49
221        </provider>
222
223        <meta-data
223-->[com.facebook.soloader:soloader:0.10.5] AndroidManifest.xml:12:9-14:37
224            android:name="com.facebook.soloader.enabled"
224-->[com.facebook.soloader:soloader:0.10.5] AndroidManifest.xml:13:13-57
225            android:value="false" />
225-->[com.facebook.soloader:soloader:0.10.5] AndroidManifest.xml:14:13-34
226    </application>
227
228</manifest>